ERROR - 2025-11-23 09:32:14 --> [UPDATE ERROR] Undefined array key "label_attached"
ERROR - 2025-11-23 10:58:30 --> [UPDATE ERROR] Undefined array key "label_attached"
CRITICAL - 2025-11-23 17:54:44 --> Error: Class "App\Controllers\Time" not found
[Method: GET, Route: assets/monitoring]
in APPPATH\Controllers\Assets.php on line 599.
 1 SYSTEMPATH\CodeIgniter.php(933): App\Controllers\Assets->monitoring()
 2 SYSTEMPATH\CodeIgniter.php(507): CodeIgniter\CodeIgniter->runController(Object(App\Controllers\Assets))
 3 SYSTEMPATH\CodeIgniter.php(354): CodeIgniter\CodeIgniter->handleRequest(null, Object(Config\Cache), false)
 4 SYSTEMPATH\Boot.php(363): CodeIgniter\CodeIgniter->run()
 5 SYSTEMPATH\Boot.php(68): CodeIgniter\Boot::runCodeIgniter(Object(CodeIgniter\CodeIgniter))
 6 FCPATH\index.php(59): CodeIgniter\Boot::bootWeb(Object(Config\Paths))
 7 SYSTEMPATH\rewrite.php(44): require_once('C:\\laragon\\www\\projek_magang\\kai\\projek_kai\\public\\index.php')
CRITICAL - 2025-11-23 17:55:32 --> CodeIgniter\View\Exceptions\ViewException: Invalid file: "assets/monitoring.php"
[Method: GET, Route: assets/monitoring]
in SYSTEMPATH\Exceptions\FrameworkException.php on line 39.
 1 SYSTEMPATH\View\View.php(214): CodeIgniter\Exceptions\FrameworkException::forInvalidFile('assets/monitoring.php')
 2 SYSTEMPATH\Common.php(1167): CodeIgniter\View\View->render('assets/monitoring', [], true)
 3 APPPATH\Controllers\Assets.php(692): view('assets/monitoring', [...])
 4 SYSTEMPATH\CodeIgniter.php(933): App\Controllers\Assets->monitoring()
 5 SYSTEMPATH\CodeIgniter.php(507): CodeIgniter\CodeIgniter->runController(Object(App\Controllers\Assets))
 6 SYSTEMPATH\CodeIgniter.php(354): CodeIgniter\CodeIgniter->handleRequest(null, Object(Config\Cache), false)
 7 SYSTEMPATH\Boot.php(363): CodeIgniter\CodeIgniter->run()
 8 SYSTEMPATH\Boot.php(68): CodeIgniter\Boot::runCodeIgniter(Object(CodeIgniter\CodeIgniter))
 9 FCPATH\index.php(59): CodeIgniter\Boot::bootWeb(Object(Config\Paths))
10 SYSTEMPATH\rewrite.php(44): require_once('C:\\laragon\\www\\projek_magang\\kai\\projek_kai\\public\\index.php')
CRITICAL - 2025-11-23 17:55:35 --> CodeIgniter\View\Exceptions\ViewException: Invalid file: "assets/monitoring.php"
[Method: GET, Route: assets/monitoring]
in SYSTEMPATH\Exceptions\FrameworkException.php on line 39.
 1 SYSTEMPATH\View\View.php(214): CodeIgniter\Exceptions\FrameworkException::forInvalidFile('assets/monitoring.php')
 2 SYSTEMPATH\Common.php(1167): CodeIgniter\View\View->render('assets/monitoring', [], true)
 3 APPPATH\Controllers\Assets.php(692): view('assets/monitoring', [...])
 4 SYSTEMPATH\CodeIgniter.php(933): App\Controllers\Assets->monitoring()
 5 SYSTEMPATH\CodeIgniter.php(507): CodeIgniter\CodeIgniter->runController(Object(App\Controllers\Assets))
 6 SYSTEMPATH\CodeIgniter.php(354): CodeIgniter\CodeIgniter->handleRequest(null, Object(Config\Cache), false)
 7 SYSTEMPATH\Boot.php(363): CodeIgniter\CodeIgniter->run()
 8 SYSTEMPATH\Boot.php(68): CodeIgniter\Boot::runCodeIgniter(Object(CodeIgniter\CodeIgniter))
 9 FCPATH\index.php(59): CodeIgniter\Boot::bootWeb(Object(Config\Paths))
10 SYSTEMPATH\rewrite.php(44): require_once('C:\\laragon\\www\\projek_magang\\kai\\projek_kai\\public\\index.php')
CRITICAL - 2025-11-23 17:55:39 --> CodeIgniter\View\Exceptions\ViewException: Invalid file: "assets/monitoring.php"
[Method: GET, Route: assets/monitoring]
in SYSTEMPATH\Exceptions\FrameworkException.php on line 39.
 1 SYSTEMPATH\View\View.php(214): CodeIgniter\Exceptions\FrameworkException::forInvalidFile('assets/monitoring.php')
 2 SYSTEMPATH\Common.php(1167): CodeIgniter\View\View->render('assets/monitoring', [], true)
 3 APPPATH\Controllers\Assets.php(692): view('assets/monitoring', [...])
 4 SYSTEMPATH\CodeIgniter.php(933): App\Controllers\Assets->monitoring()
 5 SYSTEMPATH\CodeIgniter.php(507): CodeIgniter\CodeIgniter->runController(Object(App\Controllers\Assets))
 6 SYSTEMPATH\CodeIgniter.php(354): CodeIgniter\CodeIgniter->handleRequest(null, Object(Config\Cache), false)
 7 SYSTEMPATH\Boot.php(363): CodeIgniter\CodeIgniter->run()
 8 SYSTEMPATH\Boot.php(68): CodeIgniter\Boot::runCodeIgniter(Object(CodeIgniter\CodeIgniter))
 9 FCPATH\index.php(59): CodeIgniter\Boot::bootWeb(Object(Config\Paths))
10 SYSTEMPATH\rewrite.php(44): require_once('C:\\laragon\\www\\projek_magang\\kai\\projek_kai\\public\\index.php')
