CRITICAL - 2026-01-03 12:14:34 --> ErrorException: Undefined array key "asset_name"
[Method: GET, Route: home]
in APPPATH\Views\dashboard\home.php on line 43.
 1 APPPATH\Views\dashboard\home.php(43): CodeIgniter\Debug\Exceptions->errorHandler(2, 'Undefined array key "asset_name"', 'D:\\laragon\\www\\projek_kai\\app\\Views\\dashboard\\home.php', 43)
 2 SYSTEMPATH\View\View.php(226): include('D:\\laragon\\www\\projek_kai\\app\\Views\\dashboard\\home.php')
 3 SYSTEMPATH\View\View.php(229): CodeIgniter\View\View->CodeIgniter\View\{closure}()
 4 SYSTEMPATH\Common.php(1167): CodeIgniter\View\View->render('dashboard/home', [], true)
 5 APPPATH\Controllers\HomeController.php(110): view('dashboard/home', [...])
 6 SYSTEMPATH\CodeIgniter.php(933): App\Controllers\HomeController->index()
 7 SYSTEMPATH\CodeIgniter.php(507): CodeIgniter\CodeIgniter->runController(Object(App\Controllers\HomeController))
 8 SYSTEMPATH\CodeIgniter.php(354): CodeIgniter\CodeIgniter->handleRequest(null, Object(Config\Cache), false)
 9 SYSTEMPATH\Boot.php(363): CodeIgniter\CodeIgniter->run()
10 SYSTEMPATH\Boot.php(68): CodeIgniter\Boot::runCodeIgniter(Object(CodeIgniter\CodeIgniter))
11 FCPATH\index.php(59): CodeIgniter\Boot::bootWeb(Object(Config\Paths))
12 SYSTEMPATH\rewrite.php(44): require_once('D:\\laragon\\www\\projek_kai\\public\\index.php')
CRITICAL - 2026-01-03 12:22:06 --> ErrorException: Undefined array key "asset_name"
[Method: GET, Route: home]
in APPPATH\Views\dashboard\home.php on line 43.
 1 APPPATH\Views\dashboard\home.php(43): CodeIgniter\Debug\Exceptions->errorHandler(2, 'Undefined array key "asset_name"', 'D:\\laragon\\www\\projek_kai\\app\\Views\\dashboard\\home.php', 43)
 2 SYSTEMPATH\View\View.php(226): include('D:\\laragon\\www\\projek_kai\\app\\Views\\dashboard\\home.php')
 3 SYSTEMPATH\View\View.php(229): CodeIgniter\View\View->CodeIgniter\View\{closure}()
 4 SYSTEMPATH\Common.php(1167): CodeIgniter\View\View->render('dashboard/home', [], true)
 5 APPPATH\Controllers\HomeController.php(130): view('dashboard/home', [...])
 6 SYSTEMPATH\CodeIgniter.php(933): App\Controllers\HomeController->index()
 7 SYSTEMPATH\CodeIgniter.php(507): CodeIgniter\CodeIgniter->runController(Object(App\Controllers\HomeController))
 8 SYSTEMPATH\CodeIgniter.php(354): CodeIgniter\CodeIgniter->handleRequest(null, Object(Config\Cache), false)
 9 SYSTEMPATH\Boot.php(363): CodeIgniter\CodeIgniter->run()
10 SYSTEMPATH\Boot.php(68): CodeIgniter\Boot::runCodeIgniter(Object(CodeIgniter\CodeIgniter))
11 FCPATH\index.php(59): CodeIgniter\Boot::bootWeb(Object(Config\Paths))
12 SYSTEMPATH\rewrite.php(44): require_once('D:\\laragon\\www\\projek_kai\\public\\index.php')
CRITICAL - 2026-01-03 12:24:11 --> ErrorException: Undefined array key "asset_name"
[Method: GET, Route: home]
in APPPATH\Views\dashboard\home.php on line 43.
 1 APPPATH\Views\dashboard\home.php(43): CodeIgniter\Debug\Exceptions->errorHandler(2, 'Undefined array key "asset_name"', 'D:\\laragon\\www\\projek_kai\\app\\Views\\dashboard\\home.php', 43)
 2 SYSTEMPATH\View\View.php(226): include('D:\\laragon\\www\\projek_kai\\app\\Views\\dashboard\\home.php')
 3 SYSTEMPATH\View\View.php(229): CodeIgniter\View\View->CodeIgniter\View\{closure}()
 4 SYSTEMPATH\Common.php(1167): CodeIgniter\View\View->render('dashboard/home', [], true)
 5 APPPATH\Controllers\HomeController.php(130): view('dashboard/home', [...])
 6 SYSTEMPATH\CodeIgniter.php(933): App\Controllers\HomeController->index()
 7 SYSTEMPATH\CodeIgniter.php(507): CodeIgniter\CodeIgniter->runController(Object(App\Controllers\HomeController))
 8 SYSTEMPATH\CodeIgniter.php(354): CodeIgniter\CodeIgniter->handleRequest(null, Object(Config\Cache), false)
 9 SYSTEMPATH\Boot.php(363): CodeIgniter\CodeIgniter->run()
10 SYSTEMPATH\Boot.php(68): CodeIgniter\Boot::runCodeIgniter(Object(CodeIgniter\CodeIgniter))
11 FCPATH\index.php(59): CodeIgniter\Boot::bootWeb(Object(Config\Paths))
12 SYSTEMPATH\rewrite.php(44): require_once('D:\\laragon\\www\\projek_kai\\public\\index.php')
CRITICAL - 2026-01-03 12:26:34 --> ErrorException: Undefined array key "asset_name"
[Method: GET, Route: home]
in APPPATH\Views\dashboard\home.php on line 43.
 1 APPPATH\Views\dashboard\home.php(43): CodeIgniter\Debug\Exceptions->errorHandler(2, 'Undefined array key "asset_name"', 'D:\\laragon\\www\\projek_kai\\app\\Views\\dashboard\\home.php', 43)
 2 SYSTEMPATH\View\View.php(226): include('D:\\laragon\\www\\projek_kai\\app\\Views\\dashboard\\home.php')
 3 SYSTEMPATH\View\View.php(229): CodeIgniter\View\View->CodeIgniter\View\{closure}()
 4 SYSTEMPATH\Common.php(1167): CodeIgniter\View\View->render('dashboard/home', [], true)
 5 APPPATH\Controllers\HomeController.php(130): view('dashboard/home', [...])
 6 SYSTEMPATH\CodeIgniter.php(933): App\Controllers\HomeController->index()
 7 SYSTEMPATH\CodeIgniter.php(507): CodeIgniter\CodeIgniter->runController(Object(App\Controllers\HomeController))
 8 SYSTEMPATH\CodeIgniter.php(354): CodeIgniter\CodeIgniter->handleRequest(null, Object(Config\Cache), false)
 9 SYSTEMPATH\Boot.php(363): CodeIgniter\CodeIgniter->run()
10 SYSTEMPATH\Boot.php(68): CodeIgniter\Boot::runCodeIgniter(Object(CodeIgniter\CodeIgniter))
11 FCPATH\index.php(59): CodeIgniter\Boot::bootWeb(Object(Config\Paths))
12 SYSTEMPATH\rewrite.php(44): require_once('D:\\laragon\\www\\projek_kai\\public\\index.php')
