ERROR - 2025-11-20 15:21:46 --> Error connecting to the database: mysqli_sql_exception: No connection could be made because the target machine actively refused it in C:\laragon\www\projek_magang\kai\projek_kai\system\Database\MySQLi\Connection.php:201
Stack trace:
#0 C:\laragon\www\projek_magang\kai\projek_kai\system\Database\MySQLi\Connection.php(201): mysqli->real_connect('localhost', 'root', Object(SensitiveParameterValue), 'projek_kai', 3306, '', 0)
#1 C:\laragon\www\projek_magang\kai\projek_kai\system\Database\BaseConnection.php(419): CodeIgniter\Database\MySQLi\Connection->connect(false)
#2 C:\laragon\www\projek_magang\kai\projek_kai\system\Database\BaseConnection.php(614): CodeIgniter\Database\BaseConnection->initialize()
#3 C:\laragon\www\projek_magang\kai\projek_kai\system\Database\BaseBuilder.php(1649): CodeIgniter\Database\BaseConnection->query('SELECT *\nFROM `...', Array, false)
#4 C:\laragon\www\projek_magang\kai\projek_kai\system\Model.php(330): CodeIgniter\Database\BaseBuilder->get()
#5 C:\laragon\www\projek_magang\kai\projek_kai\system\BaseModel.php(715): CodeIgniter\Model->doFirst()
#6 C:\laragon\www\projek_magang\kai\projek_kai\app\Controllers\AuthController.php(155): CodeIgniter\BaseModel->first()
#7 C:\laragon\www\projek_magang\kai\projek_kai\system\CodeIgniter.php(933): App\Controllers\AuthController->processLogin()
#8 C:\laragon\www\projek_magang\kai\projek_kai\system\CodeIgniter.php(507): CodeIgniter\CodeIgniter->runController(Object(App\Controllers\AuthController))
#9 C:\laragon\www\projek_magang\kai\projek_kai\system\CodeIgniter.php(354): CodeIgniter\CodeIgniter->handleRequest(NULL, Object(Config\Cache), false)
#10 C:\laragon\www\projek_magang\kai\projek_kai\system\Boot.php(363): CodeIgniter\CodeIgniter->run()
#11 C:\laragon\www\projek_magang\kai\projek_kai\system\Boot.php(68): CodeIgniter\Boot::runCodeIgniter(Object(CodeIgniter\CodeIgniter))
#12 C:\laragon\www\projek_magang\kai\projek_kai\public\index.php(59): CodeIgniter\Boot::bootWeb(Object(Config\Paths))
#13 C:\laragon\www\projek_magang\kai\projek_kai\system\rewrite.php(44): require_once('C:\\laragon\\www\\...')
#14 {main}

Next CodeIgniter\Database\Exceptions\DatabaseException: No connection could be made because the target machine actively refused it in C:\laragon\www\projek_magang\kai\projek_kai\system\Database\MySQLi\Connection.php:246
Stack trace:
#0 C:\laragon\www\projek_magang\kai\projek_kai\system\Database\BaseConnection.php(419): CodeIgniter\Database\MySQLi\Connection->connect(false)
#1 C:\laragon\www\projek_magang\kai\projek_kai\system\Database\BaseConnection.php(614): CodeIgniter\Database\BaseConnection->initialize()
#2 C:\laragon\www\projek_magang\kai\projek_kai\system\Database\BaseBuilder.php(1649): CodeIgniter\Database\BaseConnection->query('SELECT *\nFROM `...', Array, false)
#3 C:\laragon\www\projek_magang\kai\projek_kai\system\Model.php(330): CodeIgniter\Database\BaseBuilder->get()
#4 C:\laragon\www\projek_magang\kai\projek_kai\system\BaseModel.php(715): CodeIgniter\Model->doFirst()
#5 C:\laragon\www\projek_magang\kai\projek_kai\app\Controllers\AuthController.php(155): CodeIgniter\BaseModel->first()
#6 C:\laragon\www\projek_magang\kai\projek_kai\system\CodeIgniter.php(933): App\Controllers\AuthController->processLogin()
#7 C:\laragon\www\projek_magang\kai\projek_kai\system\CodeIgniter.php(507): CodeIgniter\CodeIgniter->runController(Object(App\Controllers\AuthController))
#8 C:\laragon\www\projek_magang\kai\projek_kai\system\CodeIgniter.php(354): CodeIgniter\CodeIgniter->handleRequest(NULL, Object(Config\Cache), false)
#9 C:\laragon\www\projek_magang\kai\projek_kai\system\Boot.php(363): CodeIgniter\CodeIgniter->run()
#10 C:\laragon\www\projek_magang\kai\projek_kai\system\Boot.php(68): CodeIgniter\Boot::runCodeIgniter(Object(CodeIgniter\CodeIgniter))
#11 C:\laragon\www\projek_magang\kai\projek_kai\public\index.php(59): CodeIgniter\Boot::bootWeb(Object(Config\Paths))
#12 C:\laragon\www\projek_magang\kai\projek_kai\system\rewrite.php(44): require_once('C:\\laragon\\www\\...')
#13 {main}
CRITICAL - 2025-11-20 15:21:46 --> CodeIgniter\Database\Exceptions\DatabaseException: Unable to connect to the database.
Main connection [MySQLi]: No connection could be made because the target machine actively refused it
[Method: POST, Route: auth/processLogin]
in SYSTEMPATH\Database\BaseConnection.php on line 465.
 1 SYSTEMPATH\Database\BaseConnection.php(614): CodeIgniter\Database\BaseConnection->initialize()
 2 SYSTEMPATH\Database\BaseBuilder.php(1649): CodeIgniter\Database\BaseConnection->query('SELECT *
FROM `users`
WHERE `email` = :email:
 LIMIT 1', [...], false)
 3 SYSTEMPATH\Model.php(330): CodeIgniter\Database\BaseBuilder->get()
 4 SYSTEMPATH\BaseModel.php(715): CodeIgniter\Model->doFirst()
 5 APPPATH\Controllers\AuthController.php(155): CodeIgniter\BaseModel->first()
 6 SYSTEMPATH\CodeIgniter.php(933): App\Controllers\AuthController->processLogin()
 7 SYSTEMPATH\CodeIgniter.php(507): CodeIgniter\CodeIgniter->runController(Object(App\Controllers\AuthController))
 8 SYSTEMPATH\CodeIgniter.php(354): CodeIgniter\CodeIgniter->handleRequest(null, Object(Config\Cache), false)
 9 SYSTEMPATH\Boot.php(363): CodeIgniter\CodeIgniter->run()
10 SYSTEMPATH\Boot.php(68): CodeIgniter\Boot::runCodeIgniter(Object(CodeIgniter\CodeIgniter))
11 FCPATH\index.php(59): CodeIgniter\Boot::bootWeb(Object(Config\Paths))
12 SYSTEMPATH\rewrite.php(44): require_once('C:\\laragon\\www\\projek_magang\\kai\\projek_kai\\public\\index.php')
