ERROR - 2025-12-26 15:17:51 --> mysqli_sql_exception: Unknown column 'created_at' in 'field list' in C:\laragon\www\projek_magang\kai\projek_kai\system\Database\MySQLi\Connection.php:327
Stack trace:
#0 C:\laragon\www\projek_magang\kai\projek_kai\system\Database\MySQLi\Connection.php(327): mysqli->query('INSERT INTO `do...', 0)
#1 C:\laragon\www\projek_magang\kai\projek_kai\system\Database\BaseConnection.php(729): CodeIgniter\Database\MySQLi\Connection->execute('INSERT INTO `do...')
#2 C:\laragon\www\projek_magang\kai\projek_kai\system\Database\BaseConnection.php(646): CodeIgniter\Database\BaseConnection->simpleQuery('INSERT INTO `do...')
#3 C:\laragon\www\projek_magang\kai\projek_kai\system\Database\BaseBuilder.php(2345): CodeIgniter\Database\BaseConnection->query('INSERT INTO `do...', Array, false)
#4 C:\laragon\www\projek_magang\kai\projek_kai\app\Controllers\InputController.php(176): CodeIgniter\Database\BaseBuilder->insert(Array)
#5 C:\laragon\www\projek_magang\kai\projek_kai\system\CodeIgniter.php(933): App\Controllers\InputController->store()
#6 C:\laragon\www\projek_magang\kai\projek_kai\system\CodeIgniter.php(507): CodeIgniter\CodeIgniter->runController(Object(App\Controllers\InputController))
#7 C:\laragon\www\projek_magang\kai\projek_kai\system\CodeIgniter.php(354): CodeIgniter\CodeIgniter->handleRequest(NULL, Object(Config\Cache), false)
#8 C:\laragon\www\projek_magang\kai\projek_kai\system\Boot.php(363): CodeIgniter\CodeIgniter->run()
#9 C:\laragon\www\projek_magang\kai\projek_kai\system\Boot.php(68): CodeIgniter\Boot::runCodeIgniter(Object(CodeIgniter\CodeIgniter))
#10 C:\laragon\www\projek_magang\kai\projek_kai\public\index.php(59): CodeIgniter\Boot::bootWeb(Object(Config\Paths))
#11 C:\laragon\www\projek_magang\kai\projek_kai\system\rewrite.php(44): require_once('C:\\laragon\\www\\...')
#12 {main}
ERROR - 2025-12-26 15:19:08 --> mysqli_sql_exception: Unknown column 'created_at' in 'field list' in C:\laragon\www\projek_magang\kai\projek_kai\system\Database\MySQLi\Connection.php:327
Stack trace:
#0 C:\laragon\www\projek_magang\kai\projek_kai\system\Database\MySQLi\Connection.php(327): mysqli->query('INSERT INTO `do...', 0)
#1 C:\laragon\www\projek_magang\kai\projek_kai\system\Database\BaseConnection.php(729): CodeIgniter\Database\MySQLi\Connection->execute('INSERT INTO `do...')
#2 C:\laragon\www\projek_magang\kai\projek_kai\system\Database\BaseConnection.php(646): CodeIgniter\Database\BaseConnection->simpleQuery('INSERT INTO `do...')
#3 C:\laragon\www\projek_magang\kai\projek_kai\system\Database\BaseBuilder.php(2345): CodeIgniter\Database\BaseConnection->query('INSERT INTO `do...', Array, false)
#4 C:\laragon\www\projek_magang\kai\projek_kai\app\Controllers\InputController.php(176): CodeIgniter\Database\BaseBuilder->insert(Array)
#5 C:\laragon\www\projek_magang\kai\projek_kai\system\CodeIgniter.php(933): App\Controllers\InputController->store()
#6 C:\laragon\www\projek_magang\kai\projek_kai\system\CodeIgniter.php(507): CodeIgniter\CodeIgniter->runController(Object(App\Controllers\InputController))
#7 C:\laragon\www\projek_magang\kai\projek_kai\system\CodeIgniter.php(354): CodeIgniter\CodeIgniter->handleRequest(NULL, Object(Config\Cache), false)
#8 C:\laragon\www\projek_magang\kai\projek_kai\system\Boot.php(363): CodeIgniter\CodeIgniter->run()
#9 C:\laragon\www\projek_magang\kai\projek_kai\system\Boot.php(68): CodeIgniter\Boot::runCodeIgniter(Object(CodeIgniter\CodeIgniter))
#10 C:\laragon\www\projek_magang\kai\projek_kai\public\index.php(59): CodeIgniter\Boot::bootWeb(Object(Config\Paths))
#11 C:\laragon\www\projek_magang\kai\projek_kai\system\rewrite.php(44): require_once('C:\\laragon\\www\\...')
#12 {main}
ERROR - 2025-12-26 15:32:10 --> mysqli_sql_exception: Unknown column 'created_at' in 'field list' in C:\laragon\www\projek_magang\kai\projek_kai\system\Database\MySQLi\Connection.php:327
Stack trace:
#0 C:\laragon\www\projek_magang\kai\projek_kai\system\Database\MySQLi\Connection.php(327): mysqli->query('INSERT INTO `do...', 0)
#1 C:\laragon\www\projek_magang\kai\projek_kai\system\Database\BaseConnection.php(729): CodeIgniter\Database\MySQLi\Connection->execute('INSERT INTO `do...')
#2 C:\laragon\www\projek_magang\kai\projek_kai\system\Database\BaseConnection.php(646): CodeIgniter\Database\BaseConnection->simpleQuery('INSERT INTO `do...')
#3 C:\laragon\www\projek_magang\kai\projek_kai\system\Database\BaseBuilder.php(2345): CodeIgniter\Database\BaseConnection->query('INSERT INTO `do...', Array, false)
#4 C:\laragon\www\projek_magang\kai\projek_kai\app\Controllers\InputController.php(176): CodeIgniter\Database\BaseBuilder->insert(Array)
#5 C:\laragon\www\projek_magang\kai\projek_kai\system\CodeIgniter.php(933): App\Controllers\InputController->store()
#6 C:\laragon\www\projek_magang\kai\projek_kai\system\CodeIgniter.php(507): CodeIgniter\CodeIgniter->runController(Object(App\Controllers\InputController))
#7 C:\laragon\www\projek_magang\kai\projek_kai\system\CodeIgniter.php(354): CodeIgniter\CodeIgniter->handleRequest(NULL, Object(Config\Cache), false)
#8 C:\laragon\www\projek_magang\kai\projek_kai\system\Boot.php(363): CodeIgniter\CodeIgniter->run()
#9 C:\laragon\www\projek_magang\kai\projek_kai\system\Boot.php(68): CodeIgniter\Boot::runCodeIgniter(Object(CodeIgniter\CodeIgniter))
#10 C:\laragon\www\projek_magang\kai\projek_kai\public\index.php(59): CodeIgniter\Boot::bootWeb(Object(Config\Paths))
#11 C:\laragon\www\projek_magang\kai\projek_kai\system\rewrite.php(44): require_once('C:\\laragon\\www\\...')
#12 {main}
ERROR - 2025-12-26 15:32:44 --> mysqli_sql_exception: Unknown column 'created_at' in 'field list' in C:\laragon\www\projek_magang\kai\projek_kai\system\Database\MySQLi\Connection.php:327
Stack trace:
#0 C:\laragon\www\projek_magang\kai\projek_kai\system\Database\MySQLi\Connection.php(327): mysqli->query('INSERT INTO `do...', 0)
#1 C:\laragon\www\projek_magang\kai\projek_kai\system\Database\BaseConnection.php(729): CodeIgniter\Database\MySQLi\Connection->execute('INSERT INTO `do...')
#2 C:\laragon\www\projek_magang\kai\projek_kai\system\Database\BaseConnection.php(646): CodeIgniter\Database\BaseConnection->simpleQuery('INSERT INTO `do...')
#3 C:\laragon\www\projek_magang\kai\projek_kai\system\Database\BaseBuilder.php(2345): CodeIgniter\Database\BaseConnection->query('INSERT INTO `do...', Array, false)
#4 C:\laragon\www\projek_magang\kai\projek_kai\app\Controllers\InputController.php(176): CodeIgniter\Database\BaseBuilder->insert(Array)
#5 C:\laragon\www\projek_magang\kai\projek_kai\system\CodeIgniter.php(933): App\Controllers\InputController->store()
#6 C:\laragon\www\projek_magang\kai\projek_kai\system\CodeIgniter.php(507): CodeIgniter\CodeIgniter->runController(Object(App\Controllers\InputController))
#7 C:\laragon\www\projek_magang\kai\projek_kai\system\CodeIgniter.php(354): CodeIgniter\CodeIgniter->handleRequest(NULL, Object(Config\Cache), false)
#8 C:\laragon\www\projek_magang\kai\projek_kai\system\Boot.php(363): CodeIgniter\CodeIgniter->run()
#9 C:\laragon\www\projek_magang\kai\projek_kai\system\Boot.php(68): CodeIgniter\Boot::runCodeIgniter(Object(CodeIgniter\CodeIgniter))
#10 C:\laragon\www\projek_magang\kai\projek_kai\public\index.php(59): CodeIgniter\Boot::bootWeb(Object(Config\Paths))
#11 C:\laragon\www\projek_magang\kai\projek_kai\system\rewrite.php(44): require_once('C:\\laragon\\www\\...')
#12 {main}
ERROR - 2025-12-26 15:36:25 --> mysqli_sql_exception: Unknown column 'created_at' in 'field list' in C:\laragon\www\projek_magang\kai\projek_kai\system\Database\MySQLi\Connection.php:327
Stack trace:
#0 C:\laragon\www\projek_magang\kai\projek_kai\system\Database\MySQLi\Connection.php(327): mysqli->query('INSERT INTO `do...', 0)
#1 C:\laragon\www\projek_magang\kai\projek_kai\system\Database\BaseConnection.php(729): CodeIgniter\Database\MySQLi\Connection->execute('INSERT INTO `do...')
#2 C:\laragon\www\projek_magang\kai\projek_kai\system\Database\BaseConnection.php(646): CodeIgniter\Database\BaseConnection->simpleQuery('INSERT INTO `do...')
#3 C:\laragon\www\projek_magang\kai\projek_kai\system\Database\BaseBuilder.php(2345): CodeIgniter\Database\BaseConnection->query('INSERT INTO `do...', Array, false)
#4 C:\laragon\www\projek_magang\kai\projek_kai\app\Controllers\InputController.php(176): CodeIgniter\Database\BaseBuilder->insert(Array)
#5 C:\laragon\www\projek_magang\kai\projek_kai\system\CodeIgniter.php(933): App\Controllers\InputController->store()
#6 C:\laragon\www\projek_magang\kai\projek_kai\system\CodeIgniter.php(507): CodeIgniter\CodeIgniter->runController(Object(App\Controllers\InputController))
#7 C:\laragon\www\projek_magang\kai\projek_kai\system\CodeIgniter.php(354): CodeIgniter\CodeIgniter->handleRequest(NULL, Object(Config\Cache), false)
#8 C:\laragon\www\projek_magang\kai\projek_kai\system\Boot.php(363): CodeIgniter\CodeIgniter->run()
#9 C:\laragon\www\projek_magang\kai\projek_kai\system\Boot.php(68): CodeIgniter\Boot::runCodeIgniter(Object(CodeIgniter\CodeIgniter))
#10 C:\laragon\www\projek_magang\kai\projek_kai\public\index.php(59): CodeIgniter\Boot::bootWeb(Object(Config\Paths))
#11 C:\laragon\www\projek_magang\kai\projek_kai\system\rewrite.php(44): require_once('C:\\laragon\\www\\...')
#12 {main}
