CRITICAL - 2025-11-22 01:41:12 --> CodeIgniter\View\Exceptions\ViewException: Invalid file: "dashboard/barang_edit.php"
[Method: GET, Route: assets/600/edit]
in SYSTEMPATH\Exceptions\FrameworkException.php on line 39.
 1 SYSTEMPATH\View\View.php(214): CodeIgniter\Exceptions\FrameworkException::forInvalidFile('dashboard/barang_edit.php')
 2 SYSTEMPATH\Common.php(1167): CodeIgniter\View\View->render('dashboard/barang_edit', [], true)
 3 APPPATH\Controllers\Assets.php(311): view('dashboard/barang_edit', [...])
 4 SYSTEMPATH\CodeIgniter.php(933): App\Controllers\Assets->edit('600')
 5 SYSTEMPATH\CodeIgniter.php(507): CodeIgniter\CodeIgniter->runController(Object(App\Controllers\Assets))
 6 SYSTEMPATH\CodeIgniter.php(354): CodeIgniter\CodeIgniter->handleRequest(null, Object(Config\Cache), false)
 7 SYSTEMPATH\Boot.php(363): CodeIgniter\CodeIgniter->run()
 8 SYSTEMPATH\Boot.php(68): CodeIgniter\Boot::runCodeIgniter(Object(CodeIgniter\CodeIgniter))
 9 FCPATH\index.php(59): CodeIgniter\Boot::bootWeb(Object(Config\Paths))
10 SYSTEMPATH\rewrite.php(44): require_once('C:\\laragon\\www\\projek_magang\\kai\\projek_kai\\public\\index.php')
CRITICAL - 2025-11-22 04:35:34 --> CodeIgniter\View\Exceptions\ViewException: Invalid file: "dashboard/barang_edit.php"
[Method: GET, Route: assets/614/edit]
in SYSTEMPATH\Exceptions\FrameworkException.php on line 39.
 1 SYSTEMPATH\View\View.php(214): CodeIgniter\Exceptions\FrameworkException::forInvalidFile('dashboard/barang_edit.php')
 2 SYSTEMPATH\Common.php(1167): CodeIgniter\View\View->render('dashboard/barang_edit', [], true)
 3 APPPATH\Controllers\Assets.php(311): view('dashboard/barang_edit', [...])
 4 SYSTEMPATH\CodeIgniter.php(933): App\Controllers\Assets->edit('614')
 5 SYSTEMPATH\CodeIgniter.php(507): CodeIgniter\CodeIgniter->runController(Object(App\Controllers\Assets))
 6 SYSTEMPATH\CodeIgniter.php(354): CodeIgniter\CodeIgniter->handleRequest(null, Object(Config\Cache), false)
 7 SYSTEMPATH\Boot.php(363): CodeIgniter\CodeIgniter->run()
 8 SYSTEMPATH\Boot.php(68): CodeIgniter\Boot::runCodeIgniter(Object(CodeIgniter\CodeIgniter))
 9 FCPATH\index.php(59): CodeIgniter\Boot::bootWeb(Object(Config\Paths))
10 SYSTEMPATH\rewrite.php(44): require_once('C:\\laragon\\www\\projek_magang\\kai\\projek_kai\\public\\index.php')
ERROR - 2025-11-22 06:48:53 --> mysqli_sql_exception: Unknown column 'assets.deleted_at' in 'where clause' in C:\laragon\www\projek_magang\kai\projek_kai\system\Database\MySQLi\Connection.php:327
Stack trace:
#0 C:\laragon\www\projek_magang\kai\projek_kai\system\Database\MySQLi\Connection.php(327): mysqli->query('SELECT *\nFROM `...', 0)
#1 C:\laragon\www\projek_magang\kai\projek_kai\system\Database\BaseConnection.php(729): CodeIgniter\Database\MySQLi\Connection->execute('SELECT *\nFROM `...')
#2 C:\laragon\www\projek_magang\kai\projek_kai\system\Database\BaseConnection.php(646): CodeIgniter\Database\BaseConnection->simpleQuery('SELECT *\nFROM `...')
#3 C:\laragon\www\projek_magang\kai\projek_kai\system\Database\BaseBuilder.php(1649): CodeIgniter\Database\BaseConnection->query('SELECT *\nFROM `...', Array, false)
#4 C:\laragon\www\projek_magang\kai\projek_kai\system\Model.php(210): CodeIgniter\Database\BaseBuilder->get()
#5 C:\laragon\www\projek_magang\kai\projek_kai\system\BaseModel.php(611): CodeIgniter\Model->doFind(true, '614')
#6 C:\laragon\www\projek_magang\kai\projek_kai\app\Controllers\Assets.php(285): CodeIgniter\BaseModel->find('614')
#7 C:\laragon\www\projek_magang\kai\projek_kai\system\CodeIgniter.php(933): App\Controllers\Assets->update('614')
#8 C:\laragon\www\projek_magang\kai\projek_kai\system\CodeIgniter.php(507): CodeIgniter\CodeIgniter->runController(Object(App\Controllers\Assets))
#9 C:\laragon\www\projek_magang\kai\projek_kai\system\CodeIgniter.php(354): CodeIgniter\CodeIgniter->handleRequest(NULL, Object(Config\Cache), false)
#10 C:\laragon\www\projek_magang\kai\projek_kai\system\Boot.php(363): CodeIgniter\CodeIgniter->run()
#11 C:\laragon\www\projek_magang\kai\projek_kai\system\Boot.php(68): CodeIgniter\Boot::runCodeIgniter(Object(CodeIgniter\CodeIgniter))
#12 C:\laragon\www\projek_magang\kai\projek_kai\public\index.php(59): CodeIgniter\Boot::bootWeb(Object(Config\Paths))
#13 C:\laragon\www\projek_magang\kai\projek_kai\system\rewrite.php(44): require_once('C:\\laragon\\www\\...')
#14 {main}
CRITICAL - 2025-11-22 06:48:53 --> CodeIgniter\Database\Exceptions\DatabaseException: Unknown column 'assets.deleted_at' in 'where clause'
[Method: POST, Route: assets/614/update]
in SYSTEMPATH\Database\BaseConnection.php on line 684.
 1 SYSTEMPATH\Database\BaseBuilder.php(1649): CodeIgniter\Database\BaseConnection->query('SELECT *
FROM `assets`
WHERE `assets`.`deleted_at` IS NULL
AND `assets`.`id` = :assets.id:', [...], false)
 2 SYSTEMPATH\Model.php(210): CodeIgniter\Database\BaseBuilder->get()
 3 SYSTEMPATH\BaseModel.php(611): CodeIgniter\Model->doFind(true, '614')
 4 APPPATH\Controllers\Assets.php(285): CodeIgniter\BaseModel->find('614')
 5 SYSTEMPATH\CodeIgniter.php(933): App\Controllers\Assets->update('614')
 6 SYSTEMPATH\CodeIgniter.php(507): CodeIgniter\CodeIgniter->runController(Object(App\Controllers\Assets))
 7 SYSTEMPATH\CodeIgniter.php(354): CodeIgniter\CodeIgniter->handleRequest(null, Object(Config\Cache), false)
 8 SYSTEMPATH\Boot.php(363): CodeIgniter\CodeIgniter->run()
 9 SYSTEMPATH\Boot.php(68): CodeIgniter\Boot::runCodeIgniter(Object(CodeIgniter\CodeIgniter))
10 FCPATH\index.php(59): CodeIgniter\Boot::bootWeb(Object(Config\Paths))
11 SYSTEMPATH\rewrite.php(44): require_once('C:\\laragon\\www\\projek_magang\\kai\\projek_kai\\public\\index.php')
CRITICAL - 2025-11-22 06:48:53 --> [Caused by] CodeIgniter\Database\Exceptions\DatabaseException: Unknown column 'assets.deleted_at' in 'where clause'
in SYSTEMPATH\Database\MySQLi\Connection.php on line 332.
 1 SYSTEMPATH\Database\BaseConnection.php(729): CodeIgniter\Database\MySQLi\Connection->execute('SELECT *
FROM `assets`
WHERE `assets`.`deleted_at` IS NULL
AND `assets`.`id` = \'614\'')
 2 SYSTEMPATH\Database\BaseConnection.php(646): CodeIgniter\Database\BaseConnection->simpleQuery('SELECT *
FROM `assets`
WHERE `assets`.`deleted_at` IS NULL
AND `assets`.`id` = \'614\'')
 3 SYSTEMPATH\Database\BaseBuilder.php(1649): CodeIgniter\Database\BaseConnection->query('SELECT *
FROM `assets`
WHERE `assets`.`deleted_at` IS NULL
AND `assets`.`id` = :assets.id:', [...], false)
 4 SYSTEMPATH\Model.php(210): CodeIgniter\Database\BaseBuilder->get()
 5 SYSTEMPATH\BaseModel.php(611): CodeIgniter\Model->doFind(true, '614')
 6 APPPATH\Controllers\Assets.php(285): CodeIgniter\BaseModel->find('614')
 7 SYSTEMPATH\CodeIgniter.php(933): App\Controllers\Assets->update('614')
 8 SYSTEMPATH\CodeIgniter.php(507): CodeIgniter\CodeIgniter->runController(Object(App\Controllers\Assets))
 9 SYSTEMPATH\CodeIgniter.php(354): CodeIgniter\CodeIgniter->handleRequest(null, Object(Config\Cache), false)
10 SYSTEMPATH\Boot.php(363): CodeIgniter\CodeIgniter->run()
11 SYSTEMPATH\Boot.php(68): CodeIgniter\Boot::runCodeIgniter(Object(CodeIgniter\CodeIgniter))
12 FCPATH\index.php(59): CodeIgniter\Boot::bootWeb(Object(Config\Paths))
13 SYSTEMPATH\rewrite.php(44): require_once('C:\\laragon\\www\\projek_magang\\kai\\projek_kai\\public\\index.php')
CRITICAL - 2025-11-22 06:48:53 --> [Caused by] mysqli_sql_exception: Unknown column 'assets.deleted_at' in 'where clause'
in SYSTEMPATH\Database\MySQLi\Connection.php on line 327.
 1 SYSTEMPATH\Database\MySQLi\Connection.php(327): mysqli->query('SELECT *
FROM `assets`
WHERE `assets`.`deleted_at` IS NULL
AND `assets`.`id` = \'614\'', 0)
 2 SYSTEMPATH\Database\BaseConnection.php(729): CodeIgniter\Database\MySQLi\Connection->execute('SELECT *
FROM `assets`
WHERE `assets`.`deleted_at` IS NULL
AND `assets`.`id` = \'614\'')
 3 SYSTEMPATH\Database\BaseConnection.php(646): CodeIgniter\Database\BaseConnection->simpleQuery('SELECT *
FROM `assets`
WHERE `assets`.`deleted_at` IS NULL
AND `assets`.`id` = \'614\'')
 4 SYSTEMPATH\Database\BaseBuilder.php(1649): CodeIgniter\Database\BaseConnection->query('SELECT *
FROM `assets`
WHERE `assets`.`deleted_at` IS NULL
AND `assets`.`id` = :assets.id:', [...], false)
 5 SYSTEMPATH\Model.php(210): CodeIgniter\Database\BaseBuilder->get()
 6 SYSTEMPATH\BaseModel.php(611): CodeIgniter\Model->doFind(true, '614')
 7 APPPATH\Controllers\Assets.php(285): CodeIgniter\BaseModel->find('614')
 8 SYSTEMPATH\CodeIgniter.php(933): App\Controllers\Assets->update('614')
 9 SYSTEMPATH\CodeIgniter.php(507): CodeIgniter\CodeIgniter->runController(Object(App\Controllers\Assets))
10 SYSTEMPATH\CodeIgniter.php(354): CodeIgniter\CodeIgniter->handleRequest(null, Object(Config\Cache), false)
11 SYSTEMPATH\Boot.php(363): CodeIgniter\CodeIgniter->run()
12 SYSTEMPATH\Boot.php(68): CodeIgniter\Boot::runCodeIgniter(Object(CodeIgniter\CodeIgniter))
13 FCPATH\index.php(59): CodeIgniter\Boot::bootWeb(Object(Config\Paths))
14 SYSTEMPATH\rewrite.php(44): require_once('C:\\laragon\\www\\projek_magang\\kai\\projek_kai\\public\\index.php')
ERROR - 2025-11-22 08:00:32 --> mysqli_sql_exception: Unknown column 'model_name' in 'where clause' in C:\laragon\www\projek_magang\kai\projek_kai\system\Database\MySQLi\Connection.php:327
Stack trace:
#0 C:\laragon\www\projek_magang\kai\projek_kai\system\Database\MySQLi\Connection.php(327): mysqli->query('SELECT *\nFROM `...', 0)
#1 C:\laragon\www\projek_magang\kai\projek_kai\system\Database\BaseConnection.php(729): CodeIgniter\Database\MySQLi\Connection->execute('SELECT *\nFROM `...')
#2 C:\laragon\www\projek_magang\kai\projek_kai\system\Database\BaseConnection.php(646): CodeIgniter\Database\BaseConnection->simpleQuery('SELECT *\nFROM `...')
#3 C:\laragon\www\projek_magang\kai\projek_kai\system\Database\BaseBuilder.php(1649): CodeIgniter\Database\BaseConnection->query('SELECT *\nFROM `...', Array, false)
#4 C:\laragon\www\projek_magang\kai\projek_kai\app\Controllers\Assets.php(355): CodeIgniter\Database\BaseBuilder->get()
#5 C:\laragon\www\projek_magang\kai\projek_kai\system\CodeIgniter.php(933): App\Controllers\Assets->update('614')
#6 C:\laragon\www\projek_magang\kai\projek_kai\system\CodeIgniter.php(507): CodeIgniter\CodeIgniter->runController(Object(App\Controllers\Assets))
#7 C:\laragon\www\projek_magang\kai\projek_kai\system\CodeIgniter.php(354): CodeIgniter\CodeIgniter->handleRequest(NULL, Object(Config\Cache), false)
#8 C:\laragon\www\projek_magang\kai\projek_kai\system\Boot.php(363): CodeIgniter\CodeIgniter->run()
#9 C:\laragon\www\projek_magang\kai\projek_kai\system\Boot.php(68): CodeIgniter\Boot::runCodeIgniter(Object(CodeIgniter\CodeIgniter))
#10 C:\laragon\www\projek_magang\kai\projek_kai\public\index.php(59): CodeIgniter\Boot::bootWeb(Object(Config\Paths))
#11 C:\laragon\www\projek_magang\kai\projek_kai\system\rewrite.php(44): require_once('C:\\laragon\\www\\...')
#12 {main}
CRITICAL - 2025-11-22 08:00:32 --> Error: Call to a member function getRowArray() on false
[Method: POST, Route: assets/614/update]
in APPPATH\Controllers\Assets.php on line 356.
 1 SYSTEMPATH\CodeIgniter.php(933): App\Controllers\Assets->update('614')
 2 SYSTEMPATH\CodeIgniter.php(507): CodeIgniter\CodeIgniter->runController(Object(App\Controllers\Assets))
 3 SYSTEMPATH\CodeIgniter.php(354): CodeIgniter\CodeIgniter->handleRequest(null, Object(Config\Cache), false)
 4 SYSTEMPATH\Boot.php(363): CodeIgniter\CodeIgniter->run()
 5 SYSTEMPATH\Boot.php(68): CodeIgniter\Boot::runCodeIgniter(Object(CodeIgniter\CodeIgniter))
 6 FCPATH\index.php(59): CodeIgniter\Boot::bootWeb(Object(Config\Paths))
 7 SYSTEMPATH\rewrite.php(44): require_once('C:\\laragon\\www\\projek_magang\\kai\\projek_kai\\public\\index.php')
ERROR - 2025-11-22 08:11:56 --> mysqli_sql_exception: Unknown column 'updated_at' in 'field list' in C:\laragon\www\projek_magang\kai\projek_kai\system\Database\MySQLi\Connection.php:327
Stack trace:
#0 C:\laragon\www\projek_magang\kai\projek_kai\system\Database\MySQLi\Connection.php(327): mysqli->query('UPDATE `documen...', 0)
#1 C:\laragon\www\projek_magang\kai\projek_kai\system\Database\BaseConnection.php(729): CodeIgniter\Database\MySQLi\Connection->execute('UPDATE `documen...')
#2 C:\laragon\www\projek_magang\kai\projek_kai\system\Database\BaseConnection.php(646): CodeIgniter\Database\BaseConnection->simpleQuery('UPDATE `documen...')
#3 C:\laragon\www\projek_magang\kai\projek_kai\system\Database\BaseBuilder.php(2521): CodeIgniter\Database\BaseConnection->query('UPDATE `documen...', Array, false)
#4 C:\laragon\www\projek_magang\kai\projek_kai\app\Controllers\Assets.php(481): CodeIgniter\Database\BaseBuilder->update(Array)
#5 C:\laragon\www\projek_magang\kai\projek_kai\system\CodeIgniter.php(933): App\Controllers\Assets->update('614')
#6 C:\laragon\www\projek_magang\kai\projek_kai\system\CodeIgniter.php(507): CodeIgniter\CodeIgniter->runController(Object(App\Controllers\Assets))
#7 C:\laragon\www\projek_magang\kai\projek_kai\system\CodeIgniter.php(354): CodeIgniter\CodeIgniter->handleRequest(NULL, Object(Config\Cache), false)
#8 C:\laragon\www\projek_magang\kai\projek_kai\system\Boot.php(363): CodeIgniter\CodeIgniter->run()
#9 C:\laragon\www\projek_magang\kai\projek_kai\system\Boot.php(68): CodeIgniter\Boot::runCodeIgniter(Object(CodeIgniter\CodeIgniter))
#10 C:\laragon\www\projek_magang\kai\projek_kai\public\index.php(59): CodeIgniter\Boot::bootWeb(Object(Config\Paths))
#11 C:\laragon\www\projek_magang\kai\projek_kai\system\rewrite.php(44): require_once('C:\\laragon\\www\\...')
#12 {main}
ERROR - 2025-11-22 08:12:00 --> mysqli_sql_exception: Unknown column 'updated_at' in 'field list' in C:\laragon\www\projek_magang\kai\projek_kai\system\Database\MySQLi\Connection.php:327
Stack trace:
#0 C:\laragon\www\projek_magang\kai\projek_kai\system\Database\MySQLi\Connection.php(327): mysqli->query('UPDATE `documen...', 0)
#1 C:\laragon\www\projek_magang\kai\projek_kai\system\Database\BaseConnection.php(729): CodeIgniter\Database\MySQLi\Connection->execute('UPDATE `documen...')
#2 C:\laragon\www\projek_magang\kai\projek_kai\system\Database\BaseConnection.php(646): CodeIgniter\Database\BaseConnection->simpleQuery('UPDATE `documen...')
#3 C:\laragon\www\projek_magang\kai\projek_kai\system\Database\BaseBuilder.php(2521): CodeIgniter\Database\BaseConnection->query('UPDATE `documen...', Array, false)
#4 C:\laragon\www\projek_magang\kai\projek_kai\app\Controllers\Assets.php(481): CodeIgniter\Database\BaseBuilder->update(Array)
#5 C:\laragon\www\projek_magang\kai\projek_kai\system\CodeIgniter.php(933): App\Controllers\Assets->update('614')
#6 C:\laragon\www\projek_magang\kai\projek_kai\system\CodeIgniter.php(507): CodeIgniter\CodeIgniter->runController(Object(App\Controllers\Assets))
#7 C:\laragon\www\projek_magang\kai\projek_kai\system\CodeIgniter.php(354): CodeIgniter\CodeIgniter->handleRequest(NULL, Object(Config\Cache), false)
#8 C:\laragon\www\projek_magang\kai\projek_kai\system\Boot.php(363): CodeIgniter\CodeIgniter->run()
#9 C:\laragon\www\projek_magang\kai\projek_kai\system\Boot.php(68): CodeIgniter\Boot::runCodeIgniter(Object(CodeIgniter\CodeIgniter))
#10 C:\laragon\www\projek_magang\kai\projek_kai\public\index.php(59): CodeIgniter\Boot::bootWeb(Object(Config\Paths))
#11 C:\laragon\www\projek_magang\kai\projek_kai\system\rewrite.php(44): require_once('C:\\laragon\\www\\...')
#12 {main}
ERROR - 2025-11-22 08:17:42 --> mysqli_sql_exception: Unknown column 'updated_at' in 'field list' in C:\laragon\www\projek_magang\kai\projek_kai\system\Database\MySQLi\Connection.php:327
Stack trace:
#0 C:\laragon\www\projek_magang\kai\projek_kai\system\Database\MySQLi\Connection.php(327): mysqli->query('UPDATE `documen...', 0)
#1 C:\laragon\www\projek_magang\kai\projek_kai\system\Database\BaseConnection.php(729): CodeIgniter\Database\MySQLi\Connection->execute('UPDATE `documen...')
#2 C:\laragon\www\projek_magang\kai\projek_kai\system\Database\BaseConnection.php(646): CodeIgniter\Database\BaseConnection->simpleQuery('UPDATE `documen...')
#3 C:\laragon\www\projek_magang\kai\projek_kai\system\Database\BaseBuilder.php(2521): CodeIgniter\Database\BaseConnection->query('UPDATE `documen...', Array, false)
#4 C:\laragon\www\projek_magang\kai\projek_kai\app\Controllers\Assets.php(504): CodeIgniter\Database\BaseBuilder->update(Array)
#5 C:\laragon\www\projek_magang\kai\projek_kai\system\CodeIgniter.php(933): App\Controllers\Assets->update('614')
#6 C:\laragon\www\projek_magang\kai\projek_kai\system\CodeIgniter.php(507): CodeIgniter\CodeIgniter->runController(Object(App\Controllers\Assets))
#7 C:\laragon\www\projek_magang\kai\projek_kai\system\CodeIgniter.php(354): CodeIgniter\CodeIgniter->handleRequest(NULL, Object(Config\Cache), false)
#8 C:\laragon\www\projek_magang\kai\projek_kai\system\Boot.php(363): CodeIgniter\CodeIgniter->run()
#9 C:\laragon\www\projek_magang\kai\projek_kai\system\Boot.php(68): CodeIgniter\Boot::runCodeIgniter(Object(CodeIgniter\CodeIgniter))
#10 C:\laragon\www\projek_magang\kai\projek_kai\public\index.php(59): CodeIgniter\Boot::bootWeb(Object(Config\Paths))
#11 C:\laragon\www\projek_magang\kai\projek_kai\system\rewrite.php(44): require_once('C:\\laragon\\www\\...')
#12 {main}
ERROR - 2025-11-22 08:17:42 --> [Assets::update] Unknown column 'updated_at' in 'field list'
ERROR - 2025-11-22 08:17:55 --> mysqli_sql_exception: Unknown column 'updated_at' in 'field list' in C:\laragon\www\projek_magang\kai\projek_kai\system\Database\MySQLi\Connection.php:327
Stack trace:
#0 C:\laragon\www\projek_magang\kai\projek_kai\system\Database\MySQLi\Connection.php(327): mysqli->query('UPDATE `documen...', 0)
#1 C:\laragon\www\projek_magang\kai\projek_kai\system\Database\BaseConnection.php(729): CodeIgniter\Database\MySQLi\Connection->execute('UPDATE `documen...')
#2 C:\laragon\www\projek_magang\kai\projek_kai\system\Database\BaseConnection.php(646): CodeIgniter\Database\BaseConnection->simpleQuery('UPDATE `documen...')
#3 C:\laragon\www\projek_magang\kai\projek_kai\system\Database\BaseBuilder.php(2521): CodeIgniter\Database\BaseConnection->query('UPDATE `documen...', Array, false)
#4 C:\laragon\www\projek_magang\kai\projek_kai\app\Controllers\Assets.php(504): CodeIgniter\Database\BaseBuilder->update(Array)
#5 C:\laragon\www\projek_magang\kai\projek_kai\system\CodeIgniter.php(933): App\Controllers\Assets->update('614')
#6 C:\laragon\www\projek_magang\kai\projek_kai\system\CodeIgniter.php(507): CodeIgniter\CodeIgniter->runController(Object(App\Controllers\Assets))
#7 C:\laragon\www\projek_magang\kai\projek_kai\system\CodeIgniter.php(354): CodeIgniter\CodeIgniter->handleRequest(NULL, Object(Config\Cache), false)
#8 C:\laragon\www\projek_magang\kai\projek_kai\system\Boot.php(363): CodeIgniter\CodeIgniter->run()
#9 C:\laragon\www\projek_magang\kai\projek_kai\system\Boot.php(68): CodeIgniter\Boot::runCodeIgniter(Object(CodeIgniter\CodeIgniter))
#10 C:\laragon\www\projek_magang\kai\projek_kai\public\index.php(59): CodeIgniter\Boot::bootWeb(Object(Config\Paths))
#11 C:\laragon\www\projek_magang\kai\projek_kai\system\rewrite.php(44): require_once('C:\\laragon\\www\\...')
#12 {main}
ERROR - 2025-11-22 08:17:55 --> [Assets::update] Unknown column 'updated_at' in 'field list'
ERROR - 2025-11-22 08:18:59 --> mysqli_sql_exception: Unknown column 'updated_at' in 'field list' in C:\laragon\www\projek_magang\kai\projek_kai\system\Database\MySQLi\Connection.php:327
Stack trace:
#0 C:\laragon\www\projek_magang\kai\projek_kai\system\Database\MySQLi\Connection.php(327): mysqli->query('UPDATE `documen...', 0)
#1 C:\laragon\www\projek_magang\kai\projek_kai\system\Database\BaseConnection.php(729): CodeIgniter\Database\MySQLi\Connection->execute('UPDATE `documen...')
#2 C:\laragon\www\projek_magang\kai\projek_kai\system\Database\BaseConnection.php(646): CodeIgniter\Database\BaseConnection->simpleQuery('UPDATE `documen...')
#3 C:\laragon\www\projek_magang\kai\projek_kai\system\Database\BaseBuilder.php(2521): CodeIgniter\Database\BaseConnection->query('UPDATE `documen...', Array, false)
#4 C:\laragon\www\projek_magang\kai\projek_kai\app\Controllers\Assets.php(504): CodeIgniter\Database\BaseBuilder->update(Array)
#5 C:\laragon\www\projek_magang\kai\projek_kai\system\CodeIgniter.php(933): App\Controllers\Assets->update('614')
#6 C:\laragon\www\projek_magang\kai\projek_kai\system\CodeIgniter.php(507): CodeIgniter\CodeIgniter->runController(Object(App\Controllers\Assets))
#7 C:\laragon\www\projek_magang\kai\projek_kai\system\CodeIgniter.php(354): CodeIgniter\CodeIgniter->handleRequest(NULL, Object(Config\Cache), false)
#8 C:\laragon\www\projek_magang\kai\projek_kai\system\Boot.php(363): CodeIgniter\CodeIgniter->run()
#9 C:\laragon\www\projek_magang\kai\projek_kai\system\Boot.php(68): CodeIgniter\Boot::runCodeIgniter(Object(CodeIgniter\CodeIgniter))
#10 C:\laragon\www\projek_magang\kai\projek_kai\public\index.php(59): CodeIgniter\Boot::bootWeb(Object(Config\Paths))
#11 C:\laragon\www\projek_magang\kai\projek_kai\system\rewrite.php(44): require_once('C:\\laragon\\www\\...')
#12 {main}
ERROR - 2025-11-22 08:18:59 --> [Assets::update] Unknown column 'updated_at' in 'field list'
ERROR - 2025-11-22 08:19:42 --> mysqli_sql_exception: Unknown column 'updated_at' in 'field list' in C:\laragon\www\projek_magang\kai\projek_kai\system\Database\MySQLi\Connection.php:327
Stack trace:
#0 C:\laragon\www\projek_magang\kai\projek_kai\system\Database\MySQLi\Connection.php(327): mysqli->query('UPDATE `documen...', 0)
#1 C:\laragon\www\projek_magang\kai\projek_kai\system\Database\BaseConnection.php(729): CodeIgniter\Database\MySQLi\Connection->execute('UPDATE `documen...')
#2 C:\laragon\www\projek_magang\kai\projek_kai\system\Database\BaseConnection.php(646): CodeIgniter\Database\BaseConnection->simpleQuery('UPDATE `documen...')
#3 C:\laragon\www\projek_magang\kai\projek_kai\system\Database\BaseBuilder.php(2521): CodeIgniter\Database\BaseConnection->query('UPDATE `documen...', Array, false)
#4 C:\laragon\www\projek_magang\kai\projek_kai\app\Controllers\Assets.php(504): CodeIgniter\Database\BaseBuilder->update(Array)
#5 C:\laragon\www\projek_magang\kai\projek_kai\system\CodeIgniter.php(933): App\Controllers\Assets->update('613')
#6 C:\laragon\www\projek_magang\kai\projek_kai\system\CodeIgniter.php(507): CodeIgniter\CodeIgniter->runController(Object(App\Controllers\Assets))
#7 C:\laragon\www\projek_magang\kai\projek_kai\system\CodeIgniter.php(354): CodeIgniter\CodeIgniter->handleRequest(NULL, Object(Config\Cache), false)
#8 C:\laragon\www\projek_magang\kai\projek_kai\system\Boot.php(363): CodeIgniter\CodeIgniter->run()
#9 C:\laragon\www\projek_magang\kai\projek_kai\system\Boot.php(68): CodeIgniter\Boot::runCodeIgniter(Object(CodeIgniter\CodeIgniter))
#10 C:\laragon\www\projek_magang\kai\projek_kai\public\index.php(59): CodeIgniter\Boot::bootWeb(Object(Config\Paths))
#11 C:\laragon\www\projek_magang\kai\projek_kai\system\rewrite.php(44): require_once('C:\\laragon\\www\\...')
#12 {main}
ERROR - 2025-11-22 08:19:42 --> [Assets::update] Unknown column 'updated_at' in 'field list'
