CRITICAL - 2025-12-22 07:10:58 --> ParseError: syntax error, unexpected token "<<", expecting end of file
[Method: POST, Route: import/process]
in APPPATH\Controllers\ImportExcel.php on line 7.
 1 SYSTEMPATH\Autoloader\Autoloader.php(295): CodeIgniter\Autoloader\Autoloader->includeFile('D:\\laragon\\www\\projek_kai\\app\\Controllers\\ImportExcel.php')
 2 SYSTEMPATH\Autoloader\Autoloader.php(271): CodeIgniter\Autoloader\Autoloader->loadInNamespace('App\\Controllers\\ImportExcel')
 3 [internal function]: CodeIgniter\Autoloader\Autoloader->loadClass('App\\Controllers\\ImportExcel')
 4 SYSTEMPATH\CodeIgniter.php(885): class_exists('\\App\\Controllers\\ImportExcel', true)
 5 SYSTEMPATH\CodeIgniter.php(494): CodeIgniter\CodeIgniter->startController()
 6 SYSTEMPATH\CodeIgniter.php(354): CodeIgniter\CodeIgniter->handleRequest(null, Object(Config\Cache), false)
 7 SYSTEMPATH\Boot.php(363): CodeIgniter\CodeIgniter->run()
 8 SYSTEMPATH\Boot.php(68): CodeIgniter\Boot::runCodeIgniter(Object(CodeIgniter\CodeIgniter))
 9 FCPATH\index.php(59): CodeIgniter\Boot::bootWeb(Object(Config\Paths))
10 SYSTEMPATH\rewrite.php(44): require_once('D:\\laragon\\www\\projek_kai\\public\\index.php')
CRITICAL - 2025-12-22 07:11:02 --> ParseError: syntax error, unexpected token "<<", expecting end of file
[Method: POST, Route: import/process]
in APPPATH\Controllers\ImportExcel.php on line 7.
 1 SYSTEMPATH\Autoloader\Autoloader.php(295): CodeIgniter\Autoloader\Autoloader->includeFile('D:\\laragon\\www\\projek_kai\\app\\Controllers\\ImportExcel.php')
 2 SYSTEMPATH\Autoloader\Autoloader.php(271): CodeIgniter\Autoloader\Autoloader->loadInNamespace('App\\Controllers\\ImportExcel')
 3 [internal function]: CodeIgniter\Autoloader\Autoloader->loadClass('App\\Controllers\\ImportExcel')
 4 SYSTEMPATH\CodeIgniter.php(885): class_exists('\\App\\Controllers\\ImportExcel', true)
 5 SYSTEMPATH\CodeIgniter.php(494): CodeIgniter\CodeIgniter->startController()
 6 SYSTEMPATH\CodeIgniter.php(354): CodeIgniter\CodeIgniter->handleRequest(null, Object(Config\Cache), false)
 7 SYSTEMPATH\Boot.php(363): CodeIgniter\CodeIgniter->run()
 8 SYSTEMPATH\Boot.php(68): CodeIgniter\Boot::runCodeIgniter(Object(CodeIgniter\CodeIgniter))
 9 FCPATH\index.php(59): CodeIgniter\Boot::bootWeb(Object(Config\Paths))
10 SYSTEMPATH\rewrite.php(44): require_once('D:\\laragon\\www\\projek_kai\\public\\index.php')
CRITICAL - 2025-12-22 07:11:11 --> ParseError: syntax error, unexpected token "<<", expecting end of file
[Method: POST, Route: import/process]
in APPPATH\Controllers\ImportExcel.php on line 7.
 1 SYSTEMPATH\Autoloader\Autoloader.php(295): CodeIgniter\Autoloader\Autoloader->includeFile('D:\\laragon\\www\\projek_kai\\app\\Controllers\\ImportExcel.php')
 2 SYSTEMPATH\Autoloader\Autoloader.php(271): CodeIgniter\Autoloader\Autoloader->loadInNamespace('App\\Controllers\\ImportExcel')
 3 [internal function]: CodeIgniter\Autoloader\Autoloader->loadClass('App\\Controllers\\ImportExcel')
 4 SYSTEMPATH\CodeIgniter.php(885): class_exists('\\App\\Controllers\\ImportExcel', true)
 5 SYSTEMPATH\CodeIgniter.php(494): CodeIgniter\CodeIgniter->startController()
 6 SYSTEMPATH\CodeIgniter.php(354): CodeIgniter\CodeIgniter->handleRequest(null, Object(Config\Cache), false)
 7 SYSTEMPATH\Boot.php(363): CodeIgniter\CodeIgniter->run()
 8 SYSTEMPATH\Boot.php(68): CodeIgniter\Boot::runCodeIgniter(Object(CodeIgniter\CodeIgniter))
 9 FCPATH\index.php(59): CodeIgniter\Boot::bootWeb(Object(Config\Paths))
10 SYSTEMPATH\rewrite.php(44): require_once('D:\\laragon\\www\\projek_kai\\public\\index.php')
CRITICAL - 2025-12-22 07:11:53 --> ParseError: syntax error, unexpected token "<<", expecting end of file
[Method: POST, Route: import/process]
in APPPATH\Controllers\ImportExcel.php on line 7.
 1 SYSTEMPATH\Autoloader\Autoloader.php(295): CodeIgniter\Autoloader\Autoloader->includeFile('D:\\laragon\\www\\projek_kai\\app\\Controllers\\ImportExcel.php')
 2 SYSTEMPATH\Autoloader\Autoloader.php(271): CodeIgniter\Autoloader\Autoloader->loadInNamespace('App\\Controllers\\ImportExcel')
 3 [internal function]: CodeIgniter\Autoloader\Autoloader->loadClass('App\\Controllers\\ImportExcel')
 4 SYSTEMPATH\CodeIgniter.php(885): class_exists('\\App\\Controllers\\ImportExcel', true)
 5 SYSTEMPATH\CodeIgniter.php(494): CodeIgniter\CodeIgniter->startController()
 6 SYSTEMPATH\CodeIgniter.php(354): CodeIgniter\CodeIgniter->handleRequest(null, Object(Config\Cache), false)
 7 SYSTEMPATH\Boot.php(363): CodeIgniter\CodeIgniter->run()
 8 SYSTEMPATH\Boot.php(68): CodeIgniter\Boot::runCodeIgniter(Object(CodeIgniter\CodeIgniter))
 9 FCPATH\index.php(59): CodeIgniter\Boot::bootWeb(Object(Config\Paths))
10 SYSTEMPATH\rewrite.php(44): require_once('D:\\laragon\\www\\projek_kai\\public\\index.php')
CRITICAL - 2025-12-22 07:21:52 --> ParseError: syntax error, unexpected token ";", expecting "]"
[Method: GET, Route: home]
in APPPATH\Controllers\HomeController.php on line 113.
 1 SYSTEMPATH\Autoloader\Autoloader.php(295): CodeIgniter\Autoloader\Autoloader->includeFile('D:\\laragon\\www\\projek_kai\\app\\Controllers\\HomeController.php')
 2 SYSTEMPATH\Autoloader\Autoloader.php(271): CodeIgniter\Autoloader\Autoloader->loadInNamespace('App\\Controllers\\HomeController')
 3 [internal function]: CodeIgniter\Autoloader\Autoloader->loadClass('App\\Controllers\\HomeController')
 4 SYSTEMPATH\CodeIgniter.php(885): class_exists('\\App\\Controllers\\HomeController', true)
 5 SYSTEMPATH\CodeIgniter.php(494): CodeIgniter\CodeIgniter->startController()
 6 SYSTEMPATH\CodeIgniter.php(354): CodeIgniter\CodeIgniter->handleRequest(null, Object(Config\Cache), false)
 7 SYSTEMPATH\Boot.php(363): CodeIgniter\CodeIgniter->run()
 8 SYSTEMPATH\Boot.php(68): CodeIgniter\Boot::runCodeIgniter(Object(CodeIgniter\CodeIgniter))
 9 FCPATH\index.php(59): CodeIgniter\Boot::bootWeb(Object(Config\Paths))
10 SYSTEMPATH\rewrite.php(44): require_once('D:\\laragon\\www\\projek_kai\\public\\index.php')
CRITICAL - 2025-12-22 08:12:21 --> ParseError: syntax error, unexpected token "<<", expecting end of file
[Method: POST, Route: import/process]
in APPPATH\Controllers\ImportExcel.php on line 7.
 1 SYSTEMPATH\Autoloader\Autoloader.php(295): CodeIgniter\Autoloader\Autoloader->includeFile('D:\\laragon\\www\\projek_kai\\app\\Controllers\\ImportExcel.php')
 2 SYSTEMPATH\Autoloader\Autoloader.php(271): CodeIgniter\Autoloader\Autoloader->loadInNamespace('App\\Controllers\\ImportExcel')
 3 [internal function]: CodeIgniter\Autoloader\Autoloader->loadClass('App\\Controllers\\ImportExcel')
 4 SYSTEMPATH\CodeIgniter.php(885): class_exists('\\App\\Controllers\\ImportExcel', true)
 5 SYSTEMPATH\CodeIgniter.php(494): CodeIgniter\CodeIgniter->startController()
 6 SYSTEMPATH\CodeIgniter.php(354): CodeIgniter\CodeIgniter->handleRequest(null, Object(Config\Cache), false)
 7 SYSTEMPATH\Boot.php(363): CodeIgniter\CodeIgniter->run()
 8 SYSTEMPATH\Boot.php(68): CodeIgniter\Boot::runCodeIgniter(Object(CodeIgniter\CodeIgniter))
 9 FCPATH\index.php(59): CodeIgniter\Boot::bootWeb(Object(Config\Paths))
10 SYSTEMPATH\rewrite.php(44): require_once('D:\\laragon\\www\\projek_kai\\public\\index.php')
CRITICAL - 2025-12-22 08:12:45 --> ParseError: syntax error, unexpected token "<<", expecting end of file
[Method: POST, Route: import/process]
in APPPATH\Controllers\ImportExcel.php on line 7.
 1 SYSTEMPATH\Autoloader\Autoloader.php(295): CodeIgniter\Autoloader\Autoloader->includeFile('D:\\laragon\\www\\projek_kai\\app\\Controllers\\ImportExcel.php')
 2 SYSTEMPATH\Autoloader\Autoloader.php(271): CodeIgniter\Autoloader\Autoloader->loadInNamespace('App\\Controllers\\ImportExcel')
 3 [internal function]: CodeIgniter\Autoloader\Autoloader->loadClass('App\\Controllers\\ImportExcel')
 4 SYSTEMPATH\CodeIgniter.php(885): class_exists('\\App\\Controllers\\ImportExcel', true)
 5 SYSTEMPATH\CodeIgniter.php(494): CodeIgniter\CodeIgniter->startController()
 6 SYSTEMPATH\CodeIgniter.php(354): CodeIgniter\CodeIgniter->handleRequest(null, Object(Config\Cache), false)
 7 SYSTEMPATH\Boot.php(363): CodeIgniter\CodeIgniter->run()
 8 SYSTEMPATH\Boot.php(68): CodeIgniter\Boot::runCodeIgniter(Object(CodeIgniter\CodeIgniter))
 9 FCPATH\index.php(59): CodeIgniter\Boot::bootWeb(Object(Config\Paths))
10 SYSTEMPATH\rewrite.php(44): require_once('D:\\laragon\\www\\projek_kai\\public\\index.php')
ERROR - 2025-12-22 08:15:28 --> Gagal membaca file Excel: Class "ZipArchive" not found in D:\laragon\www\projek_kai\vendor\phpoffice\phpspreadsheet\src\PhpSpreadsheet\Shared\File.php:61
ERROR - 2025-12-22 08:16:36 --> Gagal membaca file Excel: Class "ZipArchive" not found in D:\laragon\www\projek_kai\vendor\phpoffice\phpspreadsheet\src\PhpSpreadsheet\Shared\File.php:61
CRITICAL - 2025-12-22 10:33:29 --> Error: Class "App\Controllers\AssetsModel" not found
[Method: GET, Route: home]
in APPPATH\Controllers\BaseController.php on line 61.
 1 APPPATH\Controllers\HomeController.php(110): App\Controllers\BaseController->getStats()
 2 SYSTEMPATH\CodeIgniter.php(933): App\Controllers\HomeController->index()
 3 SYSTEMPATH\CodeIgniter.php(507): CodeIgniter\CodeIgniter->runController(Object(App\Controllers\HomeController))
 4 SYSTEMPATH\CodeIgniter.php(354): CodeIgniter\CodeIgniter->handleRequest(null, Object(Config\Cache), false)
 5 SYSTEMPATH\Boot.php(363): CodeIgniter\CodeIgniter->run()
 6 SYSTEMPATH\Boot.php(68): CodeIgniter\Boot::runCodeIgniter(Object(CodeIgniter\CodeIgniter))
 7 FCPATH\index.php(59): CodeIgniter\Boot::bootWeb(Object(Config\Paths))
 8 SYSTEMPATH\rewrite.php(44): require_once('D:\\laragon\\www\\projek_kai\\public\\index.php')
CRITICAL - 2025-12-22 10:34:44 --> Error: Class "App\Controllers\AssetsModel" not found
[Method: GET, Route: bulk-input]
in APPPATH\Controllers\BaseController.php on line 61.
 1 APPPATH\Controllers\BulkInputController.php(17): App\Controllers\BaseController->getStats()
 2 SYSTEMPATH\CodeIgniter.php(933): App\Controllers\BulkInputController->index()
 3 SYSTEMPATH\CodeIgniter.php(507): CodeIgniter\CodeIgniter->runController(Object(App\Controllers\BulkInputController))
 4 SYSTEMPATH\CodeIgniter.php(354): CodeIgniter\CodeIgniter->handleRequest(null, Object(Config\Cache), false)
 5 SYSTEMPATH\Boot.php(363): CodeIgniter\CodeIgniter->run()
 6 SYSTEMPATH\Boot.php(68): CodeIgniter\Boot::runCodeIgniter(Object(CodeIgniter\CodeIgniter))
 7 FCPATH\index.php(59): CodeIgniter\Boot::bootWeb(Object(Config\Paths))
 8 SYSTEMPATH\rewrite.php(44): require_once('D:\\laragon\\www\\projek_kai\\public\\index.php')
CRITICAL - 2025-12-22 10:35:21 --> Error: Class "App\Controllers\Time" not found
[Method: GET, Route: bulk-input]
in APPPATH\Controllers\BaseController.php on line 65.
 1 APPPATH\Controllers\BulkInputController.php(17): App\Controllers\BaseController->getStats()
 2 SYSTEMPATH\CodeIgniter.php(933): App\Controllers\BulkInputController->index()
 3 SYSTEMPATH\CodeIgniter.php(507): CodeIgniter\CodeIgniter->runController(Object(App\Controllers\BulkInputController))
 4 SYSTEMPATH\CodeIgniter.php(354): CodeIgniter\CodeIgniter->handleRequest(null, Object(Config\Cache), false)
 5 SYSTEMPATH\Boot.php(363): CodeIgniter\CodeIgniter->run()
 6 SYSTEMPATH\Boot.php(68): CodeIgniter\Boot::runCodeIgniter(Object(CodeIgniter\CodeIgniter))
 7 FCPATH\index.php(59): CodeIgniter\Boot::bootWeb(Object(Config\Paths))
 8 SYSTEMPATH\rewrite.php(44): require_once('D:\\laragon\\www\\projek_kai\\public\\index.php')
CRITICAL - 2025-12-22 10:35:39 --> CodeIgniter\View\Exceptions\ViewException: Invalid file: "dashboard/bulk_input.php"
[Method: GET, Route: bulk-input]
in SYSTEMPATH\Exceptions\FrameworkException.php on line 39.
 1 SYSTEMPATH\View\View.php(214): CodeIgniter\Exceptions\FrameworkException::forInvalidFile('dashboard/bulk_input.php')
 2 SYSTEMPATH\Common.php(1167): CodeIgniter\View\View->render('dashboard/bulk_input', [], true)
 3 APPPATH\Controllers\BulkInputController.php(16): view('dashboard/bulk_input', [...])
 4 SYSTEMPATH\CodeIgniter.php(933): App\Controllers\BulkInputController->index()
 5 SYSTEMPATH\CodeIgniter.php(507): CodeIgniter\CodeIgniter->runController(Object(App\Controllers\BulkInputController))
 6 SYSTEMPATH\CodeIgniter.php(354): CodeIgniter\CodeIgniter->handleRequest(null, Object(Config\Cache), false)
 7 SYSTEMPATH\Boot.php(363): CodeIgniter\CodeIgniter->run()
 8 SYSTEMPATH\Boot.php(68): CodeIgniter\Boot::runCodeIgniter(Object(CodeIgniter\CodeIgniter))
 9 FCPATH\index.php(59): CodeIgniter\Boot::bootWeb(Object(Config\Paths))
10 SYSTEMPATH\rewrite.php(44): require_once('D:\\laragon\\www\\projek_kai\\public\\index.php')
CRITICAL - 2025-12-22 10:36:49 --> ErrorException: Undefined variable $merah
[Method: GET, Route: bulk-input]
in APPPATH\Controllers\BulkInputController.php on line 16.
 1 APPPATH\Controllers\BulkInputController.php(16): CodeIgniter\Debug\Exceptions->errorHandler(2, 'Undefined variable $merah', 'D:\\laragon\\www\\projek_kai\\app\\Controllers\\BulkInputController.php', 16)
 2 SYSTEMPATH\CodeIgniter.php(933): App\Controllers\BulkInputController->index()
 3 SYSTEMPATH\CodeIgniter.php(507): CodeIgniter\CodeIgniter->runController(Object(App\Controllers\BulkInputController))
 4 SYSTEMPATH\CodeIgniter.php(354): CodeIgniter\CodeIgniter->handleRequest(null, Object(Config\Cache), false)
 5 SYSTEMPATH\Boot.php(363): CodeIgniter\CodeIgniter->run()
 6 SYSTEMPATH\Boot.php(68): CodeIgniter\Boot::runCodeIgniter(Object(CodeIgniter\CodeIgniter))
 7 FCPATH\index.php(59): CodeIgniter\Boot::bootWeb(Object(Config\Paths))
 8 SYSTEMPATH\rewrite.php(44): require_once('D:\\laragon\\www\\projek_kai\\public\\index.php')
CRITICAL - 2025-12-22 10:37:40 --> ErrorException: Undefined variable $merah
[Method: GET, Route: bulk-input]
in APPPATH\Controllers\BulkInputController.php on line 15.
 1 APPPATH\Controllers\BulkInputController.php(15): CodeIgniter\Debug\Exceptions->errorHandler(2, 'Undefined variable $merah', 'D:\\laragon\\www\\projek_kai\\app\\Controllers\\BulkInputController.php', 15)
 2 SYSTEMPATH\CodeIgniter.php(933): App\Controllers\BulkInputController->index()
 3 SYSTEMPATH\CodeIgniter.php(507): CodeIgniter\CodeIgniter->runController(Object(App\Controllers\BulkInputController))
 4 SYSTEMPATH\CodeIgniter.php(354): CodeIgniter\CodeIgniter->handleRequest(null, Object(Config\Cache), false)
 5 SYSTEMPATH\Boot.php(363): CodeIgniter\CodeIgniter->run()
 6 SYSTEMPATH\Boot.php(68): CodeIgniter\Boot::runCodeIgniter(Object(CodeIgniter\CodeIgniter))
 7 FCPATH\index.php(59): CodeIgniter\Boot::bootWeb(Object(Config\Paths))
 8 SYSTEMPATH\rewrite.php(44): require_once('D:\\laragon\\www\\projek_kai\\public\\index.php')
